A51 MACRO ASSEMBLER  EPROM                                                                07/30/2017 16:34:44 PAGE     1


MACRO ASSEMBLER A51 V8.02c
OBJECT MODULE PLACED IN C:\Users\SRK\Desktop\HEX\eprom.obj
ASSEMBLER INVOKED BY: C:\Keil_v5\C51\BIN\A51.EXE eprom.asm SET(SMALL) DEBUG PRINT(.\Listings\eprom.lst) OBJECT(C:\Users\
                      SRK\Desktop\HEX\eprom.obj) EP

LOC  OBJ            LINE     SOURCE

  0096                 1     WMCON    EQU     96H
                       2             
0000                   3                             ORG 00H
0000 7431              4                             MOV A,#31H
0002 75961A            5                             MOV WMCON,#00011010B
0005 900100            6                             MOV DPTR,#100H
0008 F0                7                             MOVX @DPTR,A
0009 1124              8                             ACALL X1
000B 75960A            9                             MOV WMCON,#00001010B
000E 758920           10                             MOV TMOD,#20H
0011 758DFD           11                             MOV TH1,#-3
0014 D28E             12                             SETB TR1
0016 759850           13                             MOV SCON,#50H
0019 E4               14                             CLR A
                      15                             ;MOV WMCON,#00001010B
001A 900100           16                             MOV DPTR,#100H
001D E0               17                             MOVX A,@DPTR
001E F599             18                             MOV SBUF,A
0020 112A             19                             ACALL X2
0022 80FE             20                             SJMP $
0024 A896             21     X1:                     MOV R0,WMCON
0026 B81AFB           22                             CJNE R0,#00011010B,X1
0029 22               23                             RET
002A 3099F7           24     X2:                     JNB TI,X1
002D C299             25                             CLR TI
002F 22               26                             RET
                      27                             
                      28                             END
                                                             
A51 MACRO ASSEMBLER  EPROM                                                                07/30/2017 16:34:44 PAGE     2

SYMBOL TABLE LISTING
------ ----- -------


N A M E             T Y P E  V A L U E   ATTRIBUTES

SBUF . . . . . . .  D ADDR   0099H   A   
SCON . . . . . . .  D ADDR   0098H   A   
TH1. . . . . . . .  D ADDR   008DH   A   
TI . . . . . . . .  B ADDR   0098H.1 A   
TMOD . . . . . . .  D ADDR   0089H   A   
TR1. . . . . . . .  B ADDR   0088H.6 A   
WMCON. . . . . . .  N NUMB   0096H   A   
X1 . . . . . . . .  C ADDR   0024H   A   
X2 . . . . . . . .  C ADDR   002AH   A   


REGISTER BANK(S) USED: 0 


ASSEMBLY COMPLETE.  0 WARNING(S), 0 ERROR(S)
