A51 MACRO ASSEMBLER  INTERRUPT                                                            06/29/2017 15:22:16 PAGE     1


MACRO ASSEMBLER A51 V8.02c
OBJECT MODULE PLACED IN C:\Users\SRK\Desktop\HEX\interrupt.obj
ASSEMBLER INVOKED BY: C:\Keil_v5\C51\BIN\A51.EXE interrupt.asm SET(SMALL) DEBUG PRINT(.\Listings\interrupt.lst) OBJECT(C
                      :\Users\SRK\Desktop\HEX\interrupt.obj) EP

LOC  OBJ            LINE     SOURCE

0000                   1                             ORG 00H
0000 020100            2                             LJMP    MAIN
000B                   3                             ORG     000BH
000B E530              4                             MOV     A,30H
000D B40003            5                             CJNE    A,#00H,X2
0010 312A              6                             ACALL   Q2
0012 32                7                             RETI
0013 3118              8     X2:                     ACALL   Q1
0015 32                9                             RETI
                      10                             
001B                  11                             ORG 001BH
001B E550             12                             MOV             A,50H
001D B40012           13                             CJNE    A,#00H,X3
0020 C28F             14                             CLR     TF1
0022 C28E             15                             CLR             TR1
0024 D2B5             16                             SETB    P3.5
0026 758D45           17                             MOV     TH1,#045H
0029 758B55           18                             MOV             TL1,#55H
002C D28E             19                             SETB    TR1
002E 755020           20                             MOV             50H,#20H
0031 32               21                             RETI
0032 C28F             22     X3:                     CLR             TF1
0034 C28E             23                             CLR             TR1
0036 C2B5             24                             CLR     P3.5
0038 758DD0           25                             MOV             TH1,#0D0H
003B 758B01           26                             MOV     TL1,#01H
003E D28E             27                             SETB    TR1
0040 755000           28                             MOV             50H,#00H
0043 32               29                             RETI
0100                  30                             ORG 100H
                      31                             
0100 75A88A           32     MAIN:           MOV     IE,#10001010B
0103 758911           33                             MOV     TMOD,#00010001B
0106 758DD0           34                             MOV             TH1,#0D0H
0109 758B01           35                             MOV             TL1,#01H
010C 758C1C           36                             MOV             TH0,#01CH
010F 758A71           37                             MOV             TL0,#071H
0112 D28E             38                             SETB    TR1
0114 D28C             39                             SETB    TR0
0116 80FE             40     X1:                     SJMP    X1
0118 C28D             41     Q1:                     CLR             TF0
011A C28C             42                             CLR             TR0
011C D2B6             43                             SETB    P3.6
011E 758C1C           44                             MOV             TH0,#01CH
0121 758A71           45                             MOV             TL0,#071H
0124 D28C             46                             SETB    TR0
0126 753000           47                             MOV     30H,#00H
0129 22               48                             RET
012A C28D             49     Q2:                     CLR     TF0
012C C28C             50                             CLR     TR0
012E C2B6             51                             CLR             P3.6
0130 758C65           52                             MOV             TH0,#065H
0133 758A55           53                             MOV             TL0,#055H
0136 D28C             54                             SETB    TR0
0138 753020           55                             MOV     30H,#20H
013B 22               56                             RET
                      57                             END
A51 MACRO ASSEMBLER  INTERRUPT                                                            06/29/2017 15:22:16 PAGE     2

SYMBOL TABLE LISTING
------ ----- -------


N A M E             T Y P E  V A L U E   ATTRIBUTES

IE . . . . . . . .  D ADDR   00A8H   A   
MAIN . . . . . . .  C ADDR   0100H   A   
P3 . . . . . . . .  D ADDR   00B0H   A   
Q1 . . . . . . . .  C ADDR   0118H   A   
Q2 . . . . . . . .  C ADDR   012AH   A   
TF0. . . . . . . .  B ADDR   0088H.5 A   
TF1. . . . . . . .  B ADDR   0088H.7 A   
TH0. . . . . . . .  D ADDR   008CH   A   
TH1. . . . . . . .  D ADDR   008DH   A   
TL0. . . . . . . .  D ADDR   008AH   A   
TL1. . . . . . . .  D ADDR   008BH   A   
TMOD . . . . . . .  D ADDR   0089H   A   
TR0. . . . . . . .  B ADDR   0088H.4 A   
TR1. . . . . . . .  B ADDR   0088H.6 A   
X1 . . . . . . . .  C ADDR   0116H   A   
X2 . . . . . . . .  C ADDR   0013H   A   
X3 . . . . . . . .  C ADDR   0032H   A   


REGISTER BANK(S) USED: 0 


ASSEMBLY COMPLETE.  0 WARNING(S), 0 ERROR(S)
