A51 MACRO ASSEMBLER  RF_TRANS                                                             07/22/2017 13:14:19 PAGE     1


MACRO ASSEMBLER A51 V8.02c
OBJECT MODULE PLACED IN C:\Users\SRK\Desktop\HEX\rf_trans.obj
ASSEMBLER INVOKED BY: C:\Keil_v5\C51\BIN\A51.EXE rf_trans.asm SET(SMALL) DEBUG PRINT(.\Listings\rf_trans.lst) OBJECT(C:\
                      Users\SRK\Desktop\HEX\rf_trans.obj) EP

LOC  OBJ            LINE     SOURCE

0000                   1                                             ORG             00H
                       2                                                     
0000 E4                3     X1:                                     CLR             A
0001 E590              4                                             MOV             A,P1
0003 B4FE04            5                                             CJNE    A,#11111110B,X2
0006 111F              6                                             ACALL   MOTOR1
0008 80F6              7                                             SJMP    X1
000A B4FD04            8     X2:                                     CJNE    A,#11111101B,X3
000D 112C              9                                             ACALL   MOTOR2
000F 80EF             10                                             SJMP    X1
0011 B4FB04           11     X3:                                     CJNE    A,#11111011B,X4
0014 1139             12                                             ACALL   MOTOR3
0016 80E8             13                                             SJMP    X1
0018 B4F7E5           14     X4:                                     CJNE    A,#11110111B,X1
001B 1146             15                                             ACALL   RELAY
001D 80E1             16                                             SJMP    X1
                      17     
001F 75B0FE           18     MOTOR1:                         MOV             P3,#11111110B
0022 E4               19                                             CLR             A
0023 E590             20     Q1:                                     MOV             A,P1
0025 B4FFFB           21                                             CJNE    A,#0FFH,Q1
0028 75B0FF           22                                             MOV             P3,#0FFH
002B 22               23                                             RET
002C 75B0FD           24     MOTOR2:                         MOV             P3,#11111101B
002F E4               25                                             CLR             A
0030 E590             26     Q2:                                     MOV             A,P1
0032 B4FFFB           27                                             CJNE    A,#0FFH,Q2
0035 75B0FF           28                                             MOV             P3,#0FFH
0038 22               29                                             RET     
0039 75B0FB           30     MOTOR3:                         MOV             P3,#11111011B
003C E4               31                                             CLR             A
003D E590             32     Q3:                                     MOV             A,P1
003F B4FFFB           33                                             CJNE    A,#0FFH,Q3
0042 75B0FF           34                                             MOV             P3,#0FFH
0045 22               35                                             RET
0046 75B0F7           36     RELAY:                          MOV             P3,#11110111B
0049 E4               37                                             CLR             A
004A E590             38     Q4:                                     MOV             A,P1
004C B4FFFB           39                                             CJNE    A,#0FFH,Q4
004F 75B0FF           40                                             MOV             P3,#0FFH
0052 22               41                                             RET
                      42                                             END
A51 MACRO ASSEMBLER  RF_TRANS                                                             07/22/2017 13:14:19 PAGE     2

SYMBOL TABLE LISTING
------ ----- -------


N A M E             T Y P E  V A L U E   ATTRIBUTES

MOTOR1 . . . . . .  C ADDR   001FH   A   
MOTOR2 . . . . . .  C ADDR   002CH   A   
MOTOR3 . . . . . .  C ADDR   0039H   A   
P1 . . . . . . . .  D ADDR   0090H   A   
P3 . . . . . . . .  D ADDR   00B0H   A   
Q1 . . . . . . . .  C ADDR   0023H   A   
Q2 . . . . . . . .  C ADDR   0030H   A   
Q3 . . . . . . . .  C ADDR   003DH   A   
Q4 . . . . . . . .  C ADDR   004AH   A   
RELAY. . . . . . .  C ADDR   0046H   A   
X1 . . . . . . . .  C ADDR   0000H   A   
X2 . . . . . . . .  C ADDR   000AH   A   
X3 . . . . . . . .  C ADDR   0011H   A   
X4 . . . . . . . .  C ADDR   0018H   A   


REGISTER BANK(S) USED: 0 


ASSEMBLY COMPLETE.  0 WARNING(S), 0 ERROR(S)
